<?xml version="1.0" encoding="UTF-8"?>
<!-- Generated by org.testng.reporters.JUnitReportReporter -->
<testsuite skipped="0" hostname="tony-Aspire-A515-54" name="newtours.test.BookFlightTest" tests="20" failures="0" timestamp="19 Apr 2020 17:43:49 GMT" time="33.767" errors="0">
  <testcase name="registrationConfirmationPage" time="0.708" classname="newtours.test.BookFlightTest"/>
  <testcase name="flightDetailsPage" time="0.761" classname="newtours.test.BookFlightTest"/>
  <testcase name="flightConfirmationPage" time="0.672" classname="newtours.test.BookFlightTest"/>
  <testcase name="registrationPage" time="6.078" classname="newtours.test.BookFlightTest"/>
  <testcase name="flightDetailsPage" time="0.766" classname="newtours.test.BookFlightTest"/>
  <testcase name="registrationConfirmationPage" time="1.209" classname="newtours.test.BookFlightTest"/>
  <testcase name="flightConfirmationPage" time="0.698" classname="newtours.test.BookFlightTest"/>
  <testcase name="registrationPage" time="3.852" classname="newtours.test.BookFlightTest"/>
  <testcase name="registrationConfirmationPage" time="0.660" classname="newtours.test.BookFlightTest"/>
  <testcase name="findFlightPage" time="1.123" classname="newtours.test.BookFlightTest"/>
  <testcase name="findFlightPage" time="1.079" classname="newtours.test.BookFlightTest"/>
  <testcase name="registrationPage" time="3.550" classname="newtours.test.BookFlightTest"/>
  <testcase name="registrationConfirmationPage" time="0.661" classname="newtours.test.BookFlightTest"/>
  <testcase name="flightDetailsPage" time="0.542" classname="newtours.test.BookFlightTest"/>
  <testcase name="findFlightPage" time="2.028" classname="newtours.test.BookFlightTest"/>
  <testcase name="flightConfirmationPage" time="0.799" classname="newtours.test.BookFlightTest"/>
  <testcase name="findFlightPage" time="1.116" classname="newtours.test.BookFlightTest"/>
  <testcase name="registrationPage" time="5.978" classname="newtours.test.BookFlightTest"/>
  <testcase name="flightDetailsPage" time="0.740" classname="newtours.test.BookFlightTest"/>
  <testcase name="flightConfirmationPage" time="0.747" classname="newtours.test.BookFlightTest"/>
</testsuite> <!-- newtours.test.BookFlightTest -->
